<?xml version="1.0" encoding="UTF-8"?>
<testng-results ignored="3" total="6" passed="2" failed="1" skipped="0">
  <reporter-output>
    <line>
      <![CDATA[Step: Clicked on Organizations link]]>
    </line>
    <line>
      <![CDATA[Step: Clicked on Create Organization look up image]]>
    </line>
    <line>
      <![CDATA[Step: Created new organization with industry]]>
    </line>
    <line>
      <![CDATA[[Assertion Pass]: Organization created with details: ]]>
    </line>
    <line>
      <![CDATA[Organization name: Amdocs275]]>
    </line>
    <line>
      <![CDATA[Industry name: Healthcare]]>
    </line>
    <line>
      <![CDATA[Step: Clicked on Contacts link]]>
    </line>
    <line>
      <![CDATA[Step: Clicked on Create Contacts look up image]]>
    </line>
    <line>
      <![CDATA[Step: Created new Contact with last name: Chaitra]]>
    </line>
  </reporter-output>
  <suite started-at="2023-01-24T13:55:18 IST" name="Suite" finished-at="2023-01-24T13:57:46 IST" duration-ms="148111">
    <groups>
      <group name="RegressionSuite">
        <method signature="CreateContactTest.createContactTest()[pri:0, instance:vtiger.Contacts.TestScripts.CreateContactTest@7714e963]" name="createContactTest" class="vtiger.Contacts.TestScripts.CreateContactTest"/>
        <method signature="CreateOrganizationWithIndustryUsingPOMTest.createOrgWithIndustryUsingPOMTest()[pri:0, instance:vtiger.Organizations.TestScripts.CreateOrganizationWithIndustryUsingPOMTest@1dde4cb2]" name="createOrgWithIndustryUsingPOMTest" class="vtiger.Organizations.TestScripts.CreateOrganizationWithIndustryUsingPOMTest"/>
      </group> <!-- RegressionSuite -->
      <group name="SmokeSuite">
        <method signature="CreateContactTest.createContactTest()[pri:0, instance:vtiger.Contacts.TestScripts.CreateContactTest@7714e963]" name="createContactTest" class="vtiger.Contacts.TestScripts.CreateContactTest"/>
        <method signature="CreateOrganizationWithIndustryUsingPOMTest.createOrgWithIndustryUsingPOMTest()[pri:0, instance:vtiger.Organizations.TestScripts.CreateOrganizationWithIndustryUsingPOMTest@1dde4cb2]" name="createOrgWithIndustryUsingPOMTest" class="vtiger.Organizations.TestScripts.CreateOrganizationWithIndustryUsingPOMTest"/>
        <method signature="CreateOrganizationWithIndustryUsingPOMTest.demo1()[pri:0, instance:vtiger.Organizations.TestScripts.CreateOrganizationWithIndustryUsingPOMTest@1dde4cb2]" name="demo1" class="vtiger.Organizations.TestScripts.CreateOrganizationWithIndustryUsingPOMTest"/>
      </group> <!-- SmokeSuite -->
    </groups>
    <test started-at="2023-01-24T13:55:18 IST" name="Test" finished-at="2023-01-24T13:57:46 IST" duration-ms="148111">
      <class name="vtiger.Organizations.TestScripts.CreateOrganizationWithIndustryUsingPOMTest">
        <test-method is-config="true" signature="bsConfig()[pri:0, instance:vtiger.Organizations.TestScripts.CreateOrganizationWithIndustryUsingPOMTest@1dde4cb2]" started-at="2023-01-24T13:55:18 IST" name="bsConfig" finished-at="2023-01-24T13:55:18 IST" duration-ms="18" status="PASS">
          <reporter-output>
          </reporter-output>
        </test-method> <!-- bsConfig -->
        <test-method is-config="true" signature="bcConfig()[pri:0, instance:vtiger.Organizations.TestScripts.CreateOrganizationWithIndustryUsingPOMTest@1dde4cb2]" started-at="2023-01-24T13:55:19 IST" name="bcConfig" finished-at="2023-01-24T13:56:00 IST" duration-ms="41153" status="PASS">
          <reporter-output>
          </reporter-output>
        </test-method> <!-- bcConfig -->
        <test-method is-config="true" signature="bmConfig()[pri:0, instance:vtiger.Organizations.TestScripts.CreateOrganizationWithIndustryUsingPOMTest@1dde4cb2]" started-at="2023-01-24T13:56:00 IST" name="bmConfig" finished-at="2023-01-24T13:56:03 IST" duration-ms="3418" status="PASS">
          <reporter-output>
          </reporter-output>
        </test-method> <!-- bmConfig -->
        <test-method signature="createOrgWithIndustryUsingPOMTest()[pri:0, instance:vtiger.Organizations.TestScripts.CreateOrganizationWithIndustryUsingPOMTest@1dde4cb2]" started-at="2023-01-24T13:56:03 IST" name="createOrgWithIndustryUsingPOMTest" finished-at="2023-01-24T13:56:30 IST" duration-ms="27205" status="PASS">
          <reporter-output>
            <line>
              <![CDATA[Step: Clicked on Organizations link]]>
            </line>
            <line>
              <![CDATA[Step: Clicked on Create Organization look up image]]>
            </line>
            <line>
              <![CDATA[Step: Created new organization with industry]]>
            </line>
            <line>
              <![CDATA[[Assertion Pass]: Organization created with details: ]]>
            </line>
            <line>
              <![CDATA[Organization name: Amdocs275]]>
            </line>
            <line>
              <![CDATA[Industry name: Healthcare]]>
            </line>
          </reporter-output>
        </test-method> <!-- createOrgWithIndustryUsingPOMTest -->
        <test-method is-config="true" signature="amConfig()[pri:0, instance:vtiger.Organizations.TestScripts.CreateOrganizationWithIndustryUsingPOMTest@1dde4cb2]" started-at="2023-01-24T13:56:30 IST" name="amConfig" finished-at="2023-01-24T13:56:33 IST" duration-ms="2470" status="PASS">
          <reporter-output>
          </reporter-output>
        </test-method> <!-- amConfig -->
        <test-method is-config="true" signature="bmConfig()[pri:0, instance:vtiger.Organizations.TestScripts.CreateOrganizationWithIndustryUsingPOMTest@1dde4cb2]" started-at="2023-01-24T13:56:33 IST" name="bmConfig" finished-at="2023-01-24T13:56:36 IST" duration-ms="2849" status="PASS">
          <reporter-output>
          </reporter-output>
        </test-method> <!-- bmConfig -->
        <test-method signature="demo1()[pri:0, instance:vtiger.Organizations.TestScripts.CreateOrganizationWithIndustryUsingPOMTest@1dde4cb2]" started-at="2023-01-24T13:56:36 IST" name="demo1" finished-at="2023-01-24T13:56:36 IST" duration-ms="1" status="PASS">
          <reporter-output>
          </reporter-output>
        </test-method> <!-- demo1 -->
        <test-method is-config="true" signature="amConfig()[pri:0, instance:vtiger.Organizations.TestScripts.CreateOrganizationWithIndustryUsingPOMTest@1dde4cb2]" started-at="2023-01-24T13:56:36 IST" name="amConfig" finished-at="2023-01-24T13:56:56 IST" duration-ms="20507" status="FAIL">
          <exception class="org.openqa.selenium.NoSuchElementException">
            <message>
              <![CDATA[Unable to locate element: Sign Out
For documentation on this error, please visit: https://selenium.dev/exceptions/#no_such_element
Build info: version: '4.4.0', revision: 'e5c75ed026a'
System info: host: 'LAPTOP-E2PSIL5I', ip: '192.168.1.29', os.name: 'Windows 10', os.arch: 'amd64', os.version: '10.0', java.version: '17.0.5'
Driver info: org.openqa.selenium.firefox.FirefoxDriver
Command: [09c2472b-e281-4882-9b02-82192747bfff, findElement {using=link text, value=Sign Out}]
Capabilities {acceptInsecureCerts: true, browserName: firefox, browserVersion: 75.0, moz:accessibilityChecks: false, moz:buildID: 20200403170909, moz:geckodriverVersion: 0.32.0, moz:headless: false, moz:processID: 19532, moz:profile: C:\Users\sharu\AppData\Loca..., moz:shutdownTimeout: 60000, moz:useNonSpecCompliantPointerOrigin: false, moz:webdriverClick: true, pageLoadStrategy: normal, platformName: WINDOWS, platformVersion: 10.0, rotatable: false, setWindowRect: true, strictFileInteractability: false, timeouts: {implicit: 0, pageLoad: 300000, script: 30000}, unhandledPromptBehavior: dismiss and notify}
Session ID: 09c2472b-e281-4882-9b02-82192747bfff]]>
            </message>
            <full-stacktrace>
              <![CDATA[org.openqa.selenium.NoSuchElementException: Unable to locate element: Sign Out
For documentation on this error, please visit: https://selenium.dev/exceptions/#no_such_element
Build info: version: '4.4.0', revision: 'e5c75ed026a'
System info: host: 'LAPTOP-E2PSIL5I', ip: '192.168.1.29', os.name: 'Windows 10', os.arch: 'amd64', os.version: '10.0', java.version: '17.0.5'
Driver info: org.openqa.selenium.firefox.FirefoxDriver
Command: [09c2472b-e281-4882-9b02-82192747bfff, findElement {using=link text, value=Sign Out}]
Capabilities {acceptInsecureCerts: true, browserName: firefox, browserVersion: 75.0, moz:accessibilityChecks: false, moz:buildID: 20200403170909, moz:geckodriverVersion: 0.32.0, moz:headless: false, moz:processID: 19532, moz:profile: C:\Users\sharu\AppData\Loca..., moz:shutdownTimeout: 60000, moz:useNonSpecCompliantPointerOrigin: false, moz:webdriverClick: true, pageLoadStrategy: normal, platformName: WINDOWS, platformVersion: 10.0, rotatable: false, setWindowRect: true, strictFileInteractability: false, timeouts: {implicit: 0, pageLoad: 300000, script: 30000}, unhandledPromptBehavior: dismiss and notify}
Session ID: 09c2472b-e281-4882-9b02-82192747bfff
at java.base/jdk.internal.reflect.NativeConstructorAccessorImpl.newInstance0(Native Method)
at java.base/jdk.internal.reflect.NativeConstructorAccessorImpl.newInstance(NativeConstructorAccessorImpl.java:77)
at java.base/jdk.internal.reflect.DelegatingConstructorAccessorImpl.newInstance(DelegatingConstructorAccessorImpl.java:45)
at java.base/java.lang.reflect.Constructor.newInstanceWithCaller(Constructor.java:499)
at java.base/java.lang.reflect.Constructor.newInstance(Constructor.java:480)
at org.openqa.selenium.remote.codec.w3c.W3CHttpResponseCodec.createException(W3CHttpResponseCodec.java:200)
at org.openqa.selenium.remote.codec.w3c.W3CHttpResponseCodec.decode(W3CHttpResponseCodec.java:133)
at org.openqa.selenium.remote.codec.w3c.W3CHttpResponseCodec.decode(W3CHttpResponseCodec.java:53)
at org.openqa.selenium.remote.HttpCommandExecutor.execute(HttpCommandExecutor.java:184)
at org.openqa.selenium.remote.service.DriverCommandExecutor.invokeExecute(DriverCommandExecutor.java:167)
at org.openqa.selenium.remote.service.DriverCommandExecutor.execute(DriverCommandExecutor.java:142)
at org.openqa.selenium.remote.RemoteWebDriver.execute(RemoteWebDriver.java:547)
at org.openqa.selenium.remote.ElementLocation$ElementFinder$2.findElement(ElementLocation.java:162)
at org.openqa.selenium.remote.ElementLocation.findElement(ElementLocation.java:60)
at org.openqa.selenium.remote.RemoteWebDriver.findElement(RemoteWebDriver.java:365)
at org.openqa.selenium.remote.RemoteWebDriver.findElement(RemoteWebDriver.java:357)
at org.openqa.selenium.support.pagefactory.DefaultElementLocator.findElement(DefaultElementLocator.java:70)
at org.openqa.selenium.support.pagefactory.internal.LocatingElementHandler.invoke(LocatingElementHandler.java:39)
at jdk.proxy2/jdk.proxy2.$Proxy23.click(Unknown Source)
at vTiger.ObjectRepository.HomePage.logoutOfApp(HomePage.java:90)
at vTiger.GenericUtilities.BaseClass.amConfig(BaseClass.java:97)
at java.base/jdk.internal.reflect.NativeMethodAccessorImpl.invoke0(Native Method)
at java.base/jdk.internal.reflect.NativeMethodAccessorImpl.invoke(NativeMethodAccessorImpl.java:77)
at java.base/jdk.internal.reflect.DelegatingMethodAccessorImpl.invoke(DelegatingMethodAccessorImpl.java:43)
at java.base/java.lang.reflect.Method.invoke(Method.java:568)
at org.testng.internal.MethodInvocationHelper.invokeMethod(MethodInvocationHelper.java:135)
at org.testng.internal.MethodInvocationHelper.invokeMethodConsideringTimeout(MethodInvocationHelper.java:64)
at org.testng.internal.ConfigInvoker.invokeConfigurationMethod(ConfigInvoker.java:364)
at org.testng.internal.ConfigInvoker.invokeConfigurations(ConfigInvoker.java:318)
at org.testng.internal.TestInvoker.runConfigMethods(TestInvoker.java:700)
at org.testng.internal.TestInvoker.runAfterGroupsConfigurations(TestInvoker.java:676)
at org.testng.internal.TestInvoker.invokeMethod(TestInvoker.java:660)
at org.testng.internal.TestInvoker.invokeTestMethod(TestInvoker.java:174)
at org.testng.internal.MethodRunner.runInSequence(MethodRunner.java:46)
at org.testng.internal.TestInvoker$MethodInvocationAgent.invoke(TestInvoker.java:821)
at org.testng.internal.TestInvoker.invokeTestMethods(TestInvoker.java:147)
at org.testng.internal.TestMethodWorker.invokeTestMethods(TestMethodWorker.java:146)
at org.testng.internal.TestMethodWorker.run(TestMethodWorker.java:128)
at java.base/java.util.ArrayList.forEach(ArrayList.java:1511)
at org.testng.TestRunner.privateRun(TestRunner.java:767)
at org.testng.TestRunner.run(TestRunner.java:588)
at org.testng.SuiteRunner.runTest(SuiteRunner.java:384)
at org.testng.SuiteRunner.runSequentially(SuiteRunner.java:378)
at org.testng.SuiteRunner.privateRun(SuiteRunner.java:337)
at org.testng.SuiteRunner.run(SuiteRunner.java:286)
at org.testng.SuiteRunnerWorker.runSuite(SuiteRunnerWorker.java:53)
at org.testng.SuiteRunnerWorker.run(SuiteRunnerWorker.java:96)
at org.testng.TestNG.runSuitesSequentially(TestNG.java:1214)
at org.testng.TestNG.runSuitesLocally(TestNG.java:1136)
at org.testng.TestNG.runSuites(TestNG.java:1066)
at org.testng.TestNG.run(TestNG.java:1034)
at org.testng.remote.AbstractRemoteTestNG.run(AbstractRemoteTestNG.java:115)
at org.testng.remote.RemoteTestNG.initAndRun(RemoteTestNG.java:251)
at org.testng.remote.RemoteTestNG.main(RemoteTestNG.java:77)
]]>
            </full-stacktrace>
          </exception> <!-- org.openqa.selenium.NoSuchElementException -->
          <reporter-output>
          </reporter-output>
        </test-method> <!-- amConfig -->
        <test-method is-config="true" signature="acConfig()[pri:0, instance:vtiger.Organizations.TestScripts.CreateOrganizationWithIndustryUsingPOMTest@1dde4cb2]" started-at="2023-01-24T13:56:56 IST" name="acConfig" finished-at="1970-01-01T05:30:00 IST" duration-ms="-1674548816835" status="SKIP">
          <reporter-output>
          </reporter-output>
        </test-method> <!-- acConfig -->
        <test-method is-config="true" signature="asConfig()[pri:0, instance:vtiger.Organizations.TestScripts.CreateOrganizationWithIndustryUsingPOMTest@1dde4cb2]" started-at="2023-01-24T13:57:48 IST" name="asConfig" finished-at="2023-01-24T13:57:48 IST" duration-ms="1" status="PASS">
          <reporter-output>
          </reporter-output>
        </test-method> <!-- asConfig -->
      </class> <!-- vtiger.Organizations.TestScripts.CreateOrganizationWithIndustryUsingPOMTest -->
      <class name="vtiger.Contacts.TestScripts.CreateContactTest">
        <test-method is-config="true" signature="bcConfig()[pri:0, instance:vtiger.Contacts.TestScripts.CreateContactTest@7714e963]" started-at="2023-01-24T13:56:56 IST" name="bcConfig" finished-at="2023-01-24T13:57:12 IST" duration-ms="15916" status="PASS">
          <reporter-output>
          </reporter-output>
        </test-method> <!-- bcConfig -->
        <test-method is-config="true" signature="bmConfig()[pri:0, instance:vtiger.Contacts.TestScripts.CreateContactTest@7714e963]" started-at="2023-01-24T13:57:12 IST" name="bmConfig" finished-at="2023-01-24T13:57:18 IST" duration-ms="5296" status="PASS">
          <reporter-output>
          </reporter-output>
        </test-method> <!-- bmConfig -->
        <test-method signature="createContactTest()[pri:0, instance:vtiger.Contacts.TestScripts.CreateContactTest@7714e963]" started-at="2023-01-24T13:57:18 IST" name="createContactTest" finished-at="2023-01-24T13:57:35 IST" duration-ms="17927" status="FAIL">
          <exception class="java.lang.AssertionError">
            <message>
              <![CDATA[[Assertion Failed]: Contact creation failed. Actual details in application: [ CON37 ] Chaitra - Contact Information expected [true] but found [false]]]>
            </message>
            <full-stacktrace>
              <![CDATA[java.lang.AssertionError: [Assertion Failed]: Contact creation failed. Actual details in application: [ CON37 ] Chaitra - Contact Information expected [true] but found [false]
at org.testng.Assert.fail(Assert.java:97)
at org.testng.Assert.failNotEquals(Assert.java:968)
at org.testng.Assert.assertTrue(Assert.java:43)
at vtiger.Contacts.TestScripts.CreateContactTest.createContactTest(CreateContactTest.java:44)
at java.base/jdk.internal.reflect.NativeMethodAccessorImpl.invoke0(Native Method)
at java.base/jdk.internal.reflect.NativeMethodAccessorImpl.invoke(NativeMethodAccessorImpl.java:77)
at java.base/jdk.internal.reflect.DelegatingMethodAccessorImpl.invoke(DelegatingMethodAccessorImpl.java:43)
at java.base/java.lang.reflect.Method.invoke(Method.java:568)
at org.testng.internal.MethodInvocationHelper.invokeMethod(MethodInvocationHelper.java:135)
at org.testng.internal.TestInvoker.invokeMethod(TestInvoker.java:598)
at org.testng.internal.TestInvoker.invokeTestMethod(TestInvoker.java:174)
at org.testng.internal.MethodRunner.runInSequence(MethodRunner.java:46)
at org.testng.internal.TestInvoker$MethodInvocationAgent.invoke(TestInvoker.java:821)
at org.testng.internal.TestInvoker.invokeTestMethods(TestInvoker.java:147)
at org.testng.internal.TestMethodWorker.invokeTestMethods(TestMethodWorker.java:146)
at org.testng.internal.TestMethodWorker.run(TestMethodWorker.java:128)
at java.base/java.util.ArrayList.forEach(ArrayList.java:1511)
at org.testng.TestRunner.privateRun(TestRunner.java:767)
at org.testng.TestRunner.run(TestRunner.java:588)
at org.testng.SuiteRunner.runTest(SuiteRunner.java:384)
at org.testng.SuiteRunner.runSequentially(SuiteRunner.java:378)
at org.testng.SuiteRunner.privateRun(SuiteRunner.java:337)
at org.testng.SuiteRunner.run(SuiteRunner.java:286)
at org.testng.SuiteRunnerWorker.runSuite(SuiteRunnerWorker.java:53)
at org.testng.SuiteRunnerWorker.run(SuiteRunnerWorker.java:96)
at org.testng.TestNG.runSuitesSequentially(TestNG.java:1214)
at org.testng.TestNG.runSuitesLocally(TestNG.java:1136)
at org.testng.TestNG.runSuites(TestNG.java:1066)
at org.testng.TestNG.run(TestNG.java:1034)
at org.testng.remote.AbstractRemoteTestNG.run(AbstractRemoteTestNG.java:115)
at org.testng.remote.RemoteTestNG.initAndRun(RemoteTestNG.java:251)
at org.testng.remote.RemoteTestNG.main(RemoteTestNG.java:77)
]]>
            </full-stacktrace>
          </exception> <!-- java.lang.AssertionError -->
          <reporter-output>
            <line>
              <![CDATA[Step: Clicked on Contacts link]]>
            </line>
            <line>
              <![CDATA[Step: Clicked on Create Contacts look up image]]>
            </line>
            <line>
              <![CDATA[Step: Created new Contact with last name: Chaitra]]>
            </line>
          </reporter-output>
        </test-method> <!-- createContactTest -->
        <test-method is-config="true" signature="amConfig()[pri:0, instance:vtiger.Contacts.TestScripts.CreateContactTest@7714e963]" started-at="2023-01-24T13:57:36 IST" name="amConfig" finished-at="2023-01-24T13:57:38 IST" duration-ms="1610" status="PASS">
          <reporter-output>
          </reporter-output>
        </test-method> <!-- amConfig -->
        <test-method is-config="true" signature="acConfig()[pri:0, instance:vtiger.Contacts.TestScripts.CreateContactTest@7714e963]" started-at="2023-01-24T13:57:38 IST" name="acConfig" finished-at="2023-01-24T13:57:46 IST" duration-ms="8282" status="PASS">
          <reporter-output>
          </reporter-output>
        </test-method> <!-- acConfig -->
      </class> <!-- vtiger.Contacts.TestScripts.CreateContactTest -->
    </test> <!-- Test -->
  </suite> <!-- Suite -->
</testng-results>
