<?xml version="1.0" encoding="UTF-8"?>
<!-- Generated by org.testng.reporters.JUnitReportReporter -->
<testsuite hostname="LAPTOP-E2PSIL5I" failures="0" tests="5" name="vtiger.Organizations.TestScripts.CreateMultipleOrgTest" time="192.445" errors="1" timestamp="2023-01-04T11:45:01 IST" skipped="0">
  <testcase classname="vtiger.Organizations.TestScripts.CreateMultipleOrgTest" name="createOrgWithIndustryTest" time="37.191"/>
  <system-out/>
  <testcase classname="vtiger.Organizations.TestScripts.CreateMultipleOrgTest" name="createOrgWithIndustryTest" time="24.263"/>
  <system-out/>
  <testcase classname="vtiger.Organizations.TestScripts.CreateMultipleOrgTest" name="createOrgWithIndustryTest" time="48.256">
    <error message="Cannot locate option with value: Electroni
For documentation on this error, please visit: https://selenium.dev/exceptions/#no_such_element
Build info: version: &#039;4.4.0&#039;, revision: &#039;e5c75ed026a&#039;
System info: host: &#039;LAPTOP-E2PSIL5I&#039;, ip: &#039;192.168.1.29&#039;, os.name: &#039;Windows 10&#039;, os.arch: &#039;amd64&#039;, os.version: &#039;10.0&#039;, java.version: &#039;17.0.5&#039;
Driver info: driver.version: unknown" type="org.openqa.selenium.NoSuchElementException">
      <![CDATA[org.openqa.selenium.NoSuchElementException: Cannot locate option with value: Electroni
For documentation on this error, please visit: https://selenium.dev/exceptions/#no_such_element
Build info: version: '4.4.0', revision: 'e5c75ed026a'
System info: host: 'LAPTOP-E2PSIL5I', ip: '192.168.1.29', os.name: 'Windows 10', os.arch: 'amd64', os.version: '10.0', java.version: '17.0.5'
Driver info: driver.version: unknown
at org.openqa.selenium.support.ui.Select.findOptionsByValue(Select.java:287)
at org.openqa.selenium.support.ui.Select.selectByValue(Select.java:190)
at vTiger.GenericUtilities.WebDriverUtility.handleDropDown(WebDriverUtility.java:94)
at vTiger.ObjectRepository.CreateNewOrganizationPage.createNewOrganization(CreateNewOrganizationPage.java:80)
at vtiger.Organizations.TestScripts.CreateMultipleOrgTest.createOrgWithIndustryTest(CreateMultipleOrgTest.java:31)
at java.base/jdk.internal.reflect.NativeMethodAccessorImpl.invoke0(Native Method)
at java.base/jdk.internal.reflect.NativeMethodAccessorImpl.invoke(NativeMethodAccessorImpl.java:77)
at java.base/jdk.internal.reflect.DelegatingMethodAccessorImpl.invoke(DelegatingMethodAccessorImpl.java:43)
at java.base/java.lang.reflect.Method.invoke(Method.java:568)
at org.testng.internal.MethodInvocationHelper.invokeMethod(MethodInvocationHelper.java:135)
at org.testng.internal.TestInvoker.invokeMethod(TestInvoker.java:598)
at org.testng.internal.TestInvoker.invokeTestMethod(TestInvoker.java:174)
at org.testng.internal.MethodRunner.runInSequence(MethodRunner.java:46)
at org.testng.internal.TestInvoker$MethodInvocationAgent.invoke(TestInvoker.java:821)
at org.testng.internal.TestInvoker.invokeTestMethods(TestInvoker.java:147)
at org.testng.internal.TestMethodWorker.invokeTestMethods(TestMethodWorker.java:146)
at org.testng.internal.TestMethodWorker.run(TestMethodWorker.java:128)
at java.base/java.util.ArrayList.forEach(ArrayList.java:1511)
at org.testng.TestRunner.privateRun(TestRunner.java:767)
at org.testng.TestRunner.run(TestRunner.java:588)
at org.testng.SuiteRunner.runTest(SuiteRunner.java:384)
at org.testng.SuiteRunner.access$000(SuiteRunner.java:28)
at org.testng.SuiteRunner$SuiteWorker.run(SuiteRunner.java:425)
at org.testng.internal.thread.ThreadUtil.lambda$execute$0(ThreadUtil.java:68)
at java.base/java.util.concurrent.FutureTask.run(FutureTask.java:264)
at java.base/java.util.concurrent.ThreadPoolExecutor.runWorker(ThreadPoolExecutor.java:1136)
at java.base/java.util.concurrent.ThreadPoolExecutor$Worker.run(ThreadPoolExecutor.java:635)
at java.base/java.lang.Thread.run(Thread.java:833)
]]>
    </error>
  </testcase> <!-- createOrgWithIndustryTest -->
  <system-out/>
  <testcase classname="vtiger.Organizations.TestScripts.CreateMultipleOrgTest" name="createOrgWithIndustryTest" time="48.046"/>
  <system-out/>
  <testcase classname="vtiger.Organizations.TestScripts.CreateMultipleOrgTest" name="createOrgWithIndustryTest" time="34.689"/>
  <system-out/>
</testsuite> <!-- vtiger.Organizations.TestScripts.CreateMultipleOrgTest -->
